Flutter crash report; please file at https://github.com/flutter/flutter/issues.

## command

flutter build flx --suppress-analytics --target C:\Users\JonathanSum\AndroidStudioProjects\layoutrecap4\lib\main.dart --preview-dart-2 --track-widget-creation --output-file C:\Users\JonathanSum\AndroidStudioProjects\layoutrecap4\build\app\intermediates\flutter\debug/app.flx --depfile C:\Users\JonathanSum\AndroidStudioProjects\layoutrecap4\build\app\intermediates\flutter\debug/snapshot_blob.bin.d --working-dir C:\Users\JonathanSum\AndroidStudioProjects\layoutrecap4\build\app\intermediates\flutter\debug/flutter_assets

## exception

FileSystemException: FileSystemException: Deletion failed, path = 'C:\Users\JonathanSum\AndroidStudioProjects\layoutrecap4\build\app\intermediates\flutter\debug/flutter_assets' (OS Error: The directory is not empty.
, errno = 145)

```
#0      _Directory._deleteSync (dart:io/directory_impl.dart:174)
#1      FileSystemEntity.deleteSync (dart:io/file_system_entity.dart:451)
#2      ForwardingFileSystemEntity.deleteSync (package:file/src/forwarding/forwarding_file_system_entity.dart:68)
#3      _ArchiveZipBuilder.createZip (package:flutter_tools/src/zip.dart:37)
<asynchronous suspension>
#4      assemble (package:flutter_tools/src/flx.dart:183)
<asynchronous suspension>
#5      build (package:flutter_tools/src/flx.dart:109)
<asynchronous suspension>
#6      BuildFlxCommand.runCommand (package:flutter_tools/src/commands/build_flx.dart:68)
<asynchronous suspension>
#7      FlutterCommand.verifyThenRunCommand (package:flutter_tools/src/runner/flutter_command.dart:333)
<asynchronous suspension>
#8      FlutterCommand.run.<anonymous closure> (package:flutter_tools/src/runner/flutter_command.dart:270)
<asynchronous suspension>
#9      AppContext.run.<anonymous closure> (package:flutter_tools/src/base/context.dart:142)
<asynchronous suspension>
#10     _rootRun (dart:async/zone.dart:1126)
#11     _CustomZone.run (dart:async/zone.dart:1023)
#12     runZoned (dart:async/zone.dart:1501)
#13     AppContext.run (package:flutter_tools/src/base/context.dart:141)
<asynchronous suspension>
#14     FlutterCommand.run (package:flutter_tools/src/runner/flutter_command.dart:261)
#15     CommandRunner.runCommand (package:args/command_runner.dart:194)
<asynchronous suspension>
#16     FlutterCommandRunner.runCommand.<anonymous closure> (package:flutter_tools/src/runner/flutter_command_runner.dart:298)
<asynchronous suspension>
#17     AppContext.run.<anonymous closure> (package:flutter_tools/src/base/context.dart:142)
<asynchronous suspension>
#18     _rootRun (dart:async/zone.dart:1126)
#19     _CustomZone.run (dart:async/zone.dart:1023)
#20     runZoned (dart:async/zone.dart:1501)
#21     AppContext.run (package:flutter_tools/src/base/context.dart:141)
<asynchronous suspension>
#22     FlutterCommandRunner.runCommand (package:flutter_tools/src/runner/flutter_command_runner.dart:254)
<asynchronous suspension>
#23     CommandRunner.run.<anonymous closure> (package:args/command_runner.dart:109)
#24     new Future.sync (dart:async/future.dart:222)
#25     CommandRunner.run (package:args/command_runner.dart:109)
#26     FlutterCommandRunner.run (package:flutter_tools/src/runner/flutter_command_runner.dart:168)
#27     run.<anonymous closure> (package:flutter_tools/runner.dart:54)
<asynchronous suspension>
#28     AppContext.run.<anonymous closure> (package:flutter_tools/src/base/context.dart:142)
<asynchronous suspension>
#29     _rootRun (dart:async/zone.dart:1126)
#30     _CustomZone.run (dart:async/zone.dart:1023)
#31     runZoned (dart:async/zone.dart:1501)
#32     AppContext.run (package:flutter_tools/src/base/context.dart:141)
<asynchronous suspension>
#33     runInContext (package:flutter_tools/src/context_runner.dart:41)
<asynchronous suspension>
#34     run (package:flutter_tools/runner.dart:49)
#35     main (package:flutter_tools/executable.dart:48)
<asynchronous suspension>
#36     main (file:///E:/flutter/packages/flutter_tools/bin/flutter_tools.dart:16)
#37     _startIsolate.<anonymous closure> (dart:isolate-patch/dart:isolate/isolate_patch.dart:277)
#38     _RawReceivePortImpl._handleMessage (dart:isolate-patch/dart:isolate/isolate_patch.dart:165)
```

## flutter doctor

```
[✓] Flutter (Channel beta, v0.2.8, on Microsoft Windows [Version 10.0.16299.371], locale en-US)
    • Flutter version 0.2.8 at E:\flutter
    • Framework revision b397406561 (4 weeks ago), 2018-04-02 13:53:20 -0700
    • Engine revision c903c217a1
    • Dart version 2.0.0-dev.43.0.flutter-52afcba357

[!] Android toolchain - develop for Android devices (Android SDK 26.0.2)
    • Android SDK at C:/Users/JonathanSum/AppData/Local/Android/sdk
    • Android NDK at C:/Users/JonathanSum/AppData/Local/Android/sdk\ndk-bundle
    • Platform android-27, build-tools 26.0.2
    • ANDROID_HOME = C:/Users/JonathanSum/AppData/Local/Android/sdk
    • Java binary at: C:\Program Files\Android\Android Studio2\jre\bin\java
    • Java version OpenJDK Runtime Environment (build 1.8.0_152-release-1024-b02)
    ! Some Android licenses not accepted.  To resolve this, run: flutter doctor --android-licenses

[!] Android Studio (version 1.4)
    • Android Studio at C:\Program Files\Android\Android Studio
    ✗ Unable to find bundled Java version.
    • Try updating or re-installing Android Studio.

[!] Android Studio (version 3.0)
    • Android Studio at C:\Program Files\Android\Android Studio1
    ✗ Unable to find bundled Java version.
    • Try updating or re-installing Android Studio.

[✓] Android Studio (version 3.1)
    • Android Studio at C:\Program Files\Android\Android Studio2
    • Java version OpenJDK Runtime Environment (build 1.8.0_152-release-1024-b02)

[!] Android Studio (version 3.0)
    • Android Studio at E:\AH\android-studio-ide-171.4243858-windows\android-studio
    ✗ Unable to find bundled Java version.
    • Try updating or re-installing Android Studio.

[!] IntelliJ IDEA Community Edition (version 2017.1)
    • IntelliJ at C:\Program Files (x86)\JetBrains\IntelliJ IDEA Community Edition 2017.1
    ✗ Flutter plugin not installed; this adds Flutter specific functionality.
    ✗ Dart plugin not installed; this adds Dart specific functionality.
    • For information about installing plugins, see
      https://flutter.io/intellij-setup/#installing-the-plugins

[!] IntelliJ IDEA Ultimate Edition (version 2017.1)
    • IntelliJ at C:\Program Files (x86)\JetBrains\IntelliJ IDEA 2017.1
    ✗ Flutter plugin not installed; this adds Flutter specific functionality.
    ✗ Dart plugin not installed; this adds Dart specific functionality.
    • For information about installing plugins, see
      https://flutter.io/intellij-setup/#installing-the-plugins

[✓] IntelliJ IDEA Ultimate Edition (version 2018.1)
    • IntelliJ at C:\Program Files\JetBrains\IntelliJ IDEA 2018.1
    • Flutter plugin version 22.2.2
    • Dart plugin version 173.4700

[✓] VS Code, 64-bit edition (version 1.21.0)
    • VS Code at C:\Program Files\Microsoft VS Code
    • Dart Code extension version 2.10.0

[✓] Connected devices (1 available)
    • Nexus 6P • 8XV7N16125001927 • android-arm64 • Android 8.1.0 (API 27)

! Doctor found issues in 6 categories.
```
